<?xml version="1.0" encoding="UTF-8"?>
<!-- Generated by org.testng.reporters.JUnitReportReporter -->
<testsuite hostname="DESKTOP-4J87STC" failures="0" tests="1" name="tsts.GoalsTest" time="10.072" errors="0" timestamp="2021-10-13T15:56:06 AMT" skipped="0">
  <testcase classname="tsts.GoalsTest" name="signeIn" time="10.072"/>
  <system-out/>
</testsuite> <!-- tsts.GoalsTest -->
