<?xml version="1.0" encoding="UTF-8"?>
<!-- Generated by org.testng.reporters.JUnitReportReporter -->
<testsuite hostname="DESKTOP-4J87STC" failures="0" tests="1" name="tsts.GoalsTest" time="9.223" errors="0" timestamp="2021-10-14T09:01:38 AMT" skipped="0">
  <testcase classname="tsts.GoalsTest" name="signeIn" time="9.223"/>
  <system-out/>
</testsuite> <!-- tsts.GoalsTest -->
